This is pdfTeX, Version 3.141592653-2.6-1.40.22 (MiKTeX 21.3) (preloaded format=pdflatex 2021.5.25)  22 NOV 2021 03:56
entering extended mode
**./Titlepage.tex
(Titlepage.tex
LaTeX2e <2020-10-01> patch level 4
L3 programming layer <2021-05-11>
(C:\Users\ElPeruano69\AppData\Local\Programs\MiKTeX\tex/latex/base\article.cls
Document Class: article 2020/04/10 v1.4m Standard LaTeX document class
(C:\Users\ElPeruano69\AppData\Local\Programs\MiKTeX\tex/latex/base\size10.clo
File: size10.clo 2020/04/10 v1.4m Standard LaTeX file (size option)
)
\c@part=\count179
\c@section=\count180
\c@subsection=\count181
\c@subsubsection=\count182
\c@paragraph=\count183
\c@subparagraph=\count184
\c@figure=\count185
\c@table=\count186
\abovecaptionskip=\skip47
\belowcaptionskip=\skip48
\bibindent=\dimen138
)
(C:\Users\ElPeruano69\AppData\Local\Programs\MiKTeX\tex/latex/graphics\graphicx
.sty
Package: graphicx 2020/09/09 v1.2b Enhanced LaTeX Graphics (DPC,SPQR)

(C:\Users\ElPeruano69\AppData\Local\Programs\MiKTeX\tex/latex/graphics\keyval.s
ty
Package: keyval 2014/10/28 v1.15 key=value parser (DPC)
\KV@toks@=\toks15
)
(C:\Users\ElPeruano69\AppData\Local\Programs\MiKTeX\tex/latex/graphics\graphics
.sty
Package: graphics 2020/08/30 v1.4c Standard LaTeX Graphics (DPC,SPQR)

(C:\Users\ElPeruano69\AppData\Local\Programs\MiKTeX\tex/latex/graphics\trig.sty
Package: trig 2016/01/03 v1.10 sin cos tan (DPC)
)
(C:\Users\ElPeruano69\AppData\Local\Programs\MiKTeX\tex/latex/graphics-cfg\grap
hics.cfg
File: graphics.cfg 2016/06/04 v1.11 sample graphics configuration
)
Package graphics Info: Driver file: pdftex.def on input line 105.

(C:\Users\ElPeruano69\AppData\Local\Programs\MiKTeX\tex/latex/graphics-def\pdft
ex.def
File: pdftex.def 2020/10/05 v1.2a Graphics/color driver for pdftex
))
\Gin@req@height=\dimen139
\Gin@req@width=\dimen140
)
(C:\Users\ElPeruano69\AppData\Local\Programs\MiKTeX\tex/latex/listings\listings
.sty
\lst@mode=\count187
\lst@gtempboxa=\box47
\lst@token=\toks16
\lst@length=\count188
\lst@currlwidth=\dimen141
\lst@column=\count189
\lst@pos=\count190
\lst@lostspace=\dimen142
\lst@width=\dimen143
\lst@newlines=\count191
\lst@lineno=\count192
\lst@maxwidth=\dimen144

(C:\Users\ElPeruano69\AppData\Local\Programs\MiKTeX\tex/latex/listings\lstmisc.
sty
File: lstmisc.sty 2020/03/24 1.8d (Carsten Heinz)
\c@lstnumber=\count193
\lst@skipnumbers=\count194
\lst@framebox=\box48
)
(C:\Users\ElPeruano69\AppData\Local\Programs\MiKTeX\tex/latex/listings\listings
.cfg
File: listings.cfg 2020/03/24 1.8d listings configuration
))
Package: listings 2020/03/24 1.8d (Carsten Heinz)

(C:\Users\ElPeruano69\AppData\Local\Programs\MiKTeX\tex/latex/geometry\geometry
.sty
Package: geometry 2020/01/02 v5.9 Page Geometry

(C:\Users\ElPeruano69\AppData\Local\Programs\MiKTeX\tex/generic/iftex\ifvtex.st
y
Package: ifvtex 2019/10/25 v1.7 ifvtex legacy package. Use iftex instead.

(C:\Users\ElPeruano69\AppData\Local\Programs\MiKTeX\tex/generic/iftex\iftex.sty
Package: iftex 2020/03/06 v1.0d TeX engine tests
))
\Gm@cnth=\count195
\Gm@cntv=\count196
\c@Gm@tempcnt=\count197
\Gm@bindingoffset=\dimen145
\Gm@wd@mp=\dimen146
\Gm@odd@mp=\dimen147
\Gm@even@mp=\dimen148
\Gm@layoutwidth=\dimen149
\Gm@layoutheight=\dimen150
\Gm@layouthoffset=\dimen151
\Gm@layoutvoffset=\dimen152
\Gm@dimlist=\toks17

(C:\Users\ElPeruano69\AppData\Local\Programs\MiKTeX\tex/latex/geometry\geometry
.cfg))
(C:\Users\ElPeruano69\AppData\Local\Programs\MiKTeX\tex/generic/babel\babel.sty
Package: babel 2021/05/16 3.59 The Babel package

(C:\Users\ElPeruano69\AppData\Local\Programs\MiKTeX\tex/generic/babel\babel.def
File: babel.def 2021/05/16 3.59 Babel common definitions
\babel@savecnt=\count198
\U@D=\dimen153
\l@unhyphenated=\language79

(C:\Users\ElPeruano69\AppData\Local\Programs\MiKTeX\tex/generic/babel\txtbabel.
def)
\bbl@readstream=\read2
)
\bbl@dirlevel=\count199

*************************************
* Local config file bblopts.cfg used
*

(C:\Users\ElPeruano69\AppData\Local\Programs\MiKTeX\tex/latex/arabi\bblopts.cfg
File: bblopts.cfg 2005/09/08 v0.1 add Arabic and Farsi to "declared" options of
 babel
)
(C:\Users\ElPeruano69\AppData\Local\Programs\MiKTeX\tex/latex/babel-english\eng
lish.ldf
Language: english 2017/06/06 v3.3r English support from the babel system
Package babel Info: Hyphen rules for 'canadian' set to \l@english
(babel)             (\language0). Reported on input line 102.
Package babel Info: Hyphen rules for 'australian' set to \l@ukenglish
(babel)             (\language73). Reported on input line 105.
Package babel Info: Hyphen rules for 'newzealand' set to \l@ukenglish
(babel)             (\language73). Reported on input line 108.
))
(C:\Users\ElPeruano69\AppData\Local\Programs\MiKTeX\tex/latex/ragged2e\ragged2e
.sty
Package: ragged2e 2021/02/05 v3.0 ragged2e Package

(C:\Users\ElPeruano69\AppData\Local\Programs\MiKTeX\tex/latex/everysel\everysel
.sty
Package: everysel 2021/01/20 v2.1 EverySelectfont Package (MS)

(C:\Users\ElPeruano69\AppData\Local\Programs\MiKTeX\tex/latex/everysel\everysel
-2011-10-28.sty))
(C:\Users\ElPeruano69\AppData\Local\Programs\MiKTeX\tex/latex/footmisc\footmisc
.sty
Package: footmisc 2011/06/06 v5.5b a miscellany of footnote facilities
\FN@temptoken=\toks18
\footnotemargin=\dimen154
\c@pp@next@reset=\count266
Package footmisc Info: Declaring symbol style bringhurst on input line 855.
Package footmisc Info: Declaring symbol style chicago on input line 863.
Package footmisc Info: Declaring symbol style wiley on input line 872.
Package footmisc Info: Declaring symbol style lamport-robust on input line 883.

Package footmisc Info: Declaring symbol style lamport* on input line 903.
Package footmisc Info: Declaring symbol style lamport*-robust on input line 924
.
)
\CenteringLeftskip=\skip49
\RaggedLeftLeftskip=\skip50
\RaggedRightLeftskip=\skip51
\CenteringRightskip=\skip52
\RaggedLeftRightskip=\skip53
\RaggedRightRightskip=\skip54
\CenteringParfillskip=\skip55
\RaggedLeftParfillskip=\skip56
\RaggedRightParfillskip=\skip57
\JustifyingParfillskip=\skip58
\CenteringParindent=\skip59
\RaggedLeftParindent=\skip60
\RaggedRightParindent=\skip61
\JustifyingParindent=\skip62
)
(C:\Users\ElPeruano69\AppData\Local\Programs\MiKTeX\tex/latex/l3backend\l3backe
nd-pdftex.def
File: l3backend-pdftex.def 2021-05-07 L3 backend support: PDF output (pdfTeX)
\l__color_backend_stack_int=\count267
\l__pdf_internal_box=\box49
) (Titlepage.aux (The CPU.aux))
\openout1 = `Titlepage.aux'.

LaTeX Font Info:    Checking defaults for OML/cmm/m/it on input line 20.
LaTeX Font Info:    ... okay on input line 20.
LaTeX Font Info:    Checking defaults for OMS/cmsy/m/n on input line 20.
LaTeX Font Info:    ... okay on input line 20.
LaTeX Font Info:    Checking defaults for OT1/cmr/m/n on input line 20.
LaTeX Font Info:    ... okay on input line 20.
LaTeX Font Info:    Checking defaults for T1/cmr/m/n on input line 20.
LaTeX Font Info:    ... okay on input line 20.
LaTeX Font Info:    Checking defaults for TS1/cmr/m/n on input line 20.
LaTeX Font Info:    ... okay on input line 20.
LaTeX Font Info:    Checking defaults for OMX/cmex/m/n on input line 20.
LaTeX Font Info:    ... okay on input line 20.
LaTeX Font Info:    Checking defaults for U/cmr/m/n on input line 20.
LaTeX Font Info:    ... okay on input line 20.

(C:\Users\ElPeruano69\AppData\Local\Programs\MiKTeX\tex/context/base/mkii\supp-
pdf.mkii
[Loading MPS to PDF converter (version 2006.09.02).]
\scratchcounter=\count268
\scratchdimen=\dimen155
\scratchbox=\box50
\nofMPsegments=\count269
\nofMParguments=\count270
\everyMPshowfont=\toks19
\MPscratchCnt=\count271
\MPscratchDim=\dimen156
\MPnumerator=\count272
\makeMPintoPDFobject=\count273
\everyMPtoPDFconversion=\toks20
)
(C:\Users\ElPeruano69\AppData\Local\Programs\MiKTeX\tex/latex/epstopdf-pkg\epst
opdf-base.sty
Package: epstopdf-base 2020-01-24 v2.11 Base part for package epstopdf
Package epstopdf-base Info: Redefining graphics rule for `.eps' on input line 4
85.

(C:\Users\ElPeruano69\AppData\Local\Programs\MiKTeX\tex/latex/00miktex\epstopdf
-sys.cfg
File: epstopdf-sys.cfg 2021/03/18 v2.0 Configuration of epstopdf for MiKTeX
))
\c@lstlisting=\count274

*geometry* driver: auto-detecting
*geometry* detected driver: pdftex
*geometry* verbose mode - [ preamble ] result:
* driver: pdftex
* paper: <default>
* layout: <same size as paper>
* layoutoffset:(h,v)=(0.0pt,0.0pt)
* modes: 
* h-part:(L,W,R)=(85.35826pt, 443.57848pt, 85.35826pt)
* v-part:(T,H,B)=(85.35826pt, 624.25346pt, 85.35826pt)
* \paperwidth=614.295pt
* \paperheight=794.96999pt
* \textwidth=443.57848pt
* \textheight=624.25346pt
* \oddsidemargin=13.08827pt
* \evensidemargin=13.08827pt
* \topmargin=-23.91173pt
* \headheight=12.0pt
* \headsep=25.0pt
* \topskip=10.0pt
* \footskip=30.0pt
* \marginparwidth=65.0pt
* \marginparsep=11.0pt
* \columnsep=10.0pt
* \skip\footins=9.0pt plus 4.0pt minus 2.0pt
* \hoffset=0.0pt
* \voffset=0.0pt
* \mag=1000
* \@twocolumnfalse
* \@twosidefalse
* \@mparswitchfalse
* \@reversemarginfalse
* (1in=72.27pt=25.4mm, 1cm=28.453pt)

Package ragged2e Info: ABD: executing \RaggedRight on input line 20.
ABD: EverySelectfont initializing macros
LaTeX Info: Redefining \selectfont on input line 20.
LaTeX Font Info:    External font `cmex10' loaded for size
(Font)              <12> on input line 21.
LaTeX Font Info:    External font `cmex10' loaded for size
(Font)              <8> on input line 21.
LaTeX Font Info:    External font `cmex10' loaded for size
(Font)              <6> on input line 21.
<../assets//ostp.png, id=1, 564.60938pt x 807.015pt>
File: ../assets//ostp.png Graphic file (type png)
<use ../assets//ostp.png>
Package pdftex.def Info: ../assets//ostp.png  used on input line 26.
(pdftex.def)             Requested size: 200.75073pt x 286.94179pt.
 [1

{C:/Users/ElPeruano69/AppData/Local/MiKTeX/pdftex/config/pdftex.map} <../assets
//ostp.png>] (Titlepage.toc)
\tf@toc=\write3
\openout3 = `Titlepage.toc'.


[2] (Booting.tex
LaTeX Font Info:    External font `cmex10' loaded for size
(Font)              <7> on input line 51.
LaTeX Font Info:    External font `cmex10' loaded for size
(Font)              <5> on input line 51.
 [1]) [2]
\openout2 = `"The CPU.aux"'.

 (The CPU.tex
LaTeX Font Info:    Trying to load font information for OML+cmr on input line 6
5.

(C:\Users\ElPeruano69\AppData\Local\Programs\MiKTeX\tex/latex/base\omlcmr.fd
File: omlcmr.fd 2019/12/16 v2.5j Standard LaTeX font definitions
)
LaTeX Font Info:    Font shape `OML/cmr/m/n' in size <10> not available
(Font)              Font shape `OML/cmm/m/it' tried instead on input line 65.


LaTeX Warning: Command \textless invalid in math mode on input line 65.


LaTeX Warning: Command \textless invalid in math mode on input line 65.


LaTeX Warning: Command \textgreater invalid in math mode on input line 65.


LaTeX Warning: Command \textgreater invalid in math mode on input line 65.


LaTeX Warning: Command \textless invalid in math mode on input line 66.


LaTeX Warning: Command \textless invalid in math mode on input line 66.


LaTeX Warning: Command \textgreater invalid in math mode on input line 66.


LaTeX Warning: Command \textgreater invalid in math mode on input line 66.


LaTeX Warning: Command \textless invalid in math mode on input line 66.


LaTeX Warning: Command \textless invalid in math mode on input line 66.


LaTeX Warning: Command \textgreater invalid in math mode on input line 66.


LaTeX Warning: Command \textgreater invalid in math mode on input line 66.


LaTeX Warning: Command \textless invalid in math mode on input line 67.


LaTeX Warning: Command \textless invalid in math mode on input line 67.


LaTeX Warning: Command \textgreater invalid in math mode on input line 67.


LaTeX Warning: Command \textgreater invalid in math mode on input line 67.


LaTeX Warning: Command \textless invalid in math mode on input line 67.


LaTeX Warning: Command \textless invalid in math mode on input line 67.


LaTeX Warning: Command \textgreater invalid in math mode on input line 67.


LaTeX Warning: Command \textgreater invalid in math mode on input line 67.


LaTeX Warning: Command \textless invalid in math mode on input line 68.


LaTeX Warning: Command \textless invalid in math mode on input line 68.


LaTeX Warning: Command \textgreater invalid in math mode on input line 68.


LaTeX Warning: Command \textgreater invalid in math mode on input line 68.


LaTeX Warning: Command \textless invalid in math mode on input line 68.


LaTeX Warning: Command \textless invalid in math mode on input line 68.


LaTeX Warning: Command \textgreater invalid in math mode on input line 68.


LaTeX Warning: Command \textgreater invalid in math mode on input line 68.

[3

]
LaTeX Font Info:    Trying to load font information for OMS+cmr on input line 9
8.

(C:\Users\ElPeruano69\AppData\Local\Programs\MiKTeX\tex/latex/base\omscmr.fd
File: omscmr.fd 2019/12/16 v2.5j Standard LaTeX font definitions
)
LaTeX Font Info:    Font shape `OMS/cmr/m/n' in size <10> not available
(Font)              Font shape `OMS/cmsy/m/n' tried instead on input line 98.

[4] [5] [6]

LaTeX Warning: Command \textless invalid in math mode on input line 282.


LaTeX Warning: Command \textless invalid in math mode on input line 282.


LaTeX Warning: Command \textgreater invalid in math mode on input line 282.


LaTeX Warning: Command \textgreater invalid in math mode on input line 282.


LaTeX Warning: Command \textless invalid in math mode on input line 282.


LaTeX Warning: Command \textless invalid in math mode on input line 282.


LaTeX Warning: Command \textgreater invalid in math mode on input line 282.


LaTeX Warning: Command \textgreater invalid in math mode on input line 282.

) [7] (Filesystems.tex

LaTeX Warning: Citation `proc2' on page 8 undefined on input line 30.

[8


]
<../assets//filesystems.png, id=45, 1693.82813pt x 1199.23032pt>
File: ../assets//filesystems.png Graphic file (type png)
<use ../assets//filesystems.png>
Package pdftex.def Info: ../assets//filesystems.png  used on input line 99.
(pdftex.def)             Requested size: 351.31378pt x 248.7167pt.


LaTeX Warning: `h' float specifier changed to `ht'.

[9]
<../assets//disklayout.png, id=49, 752.8125pt x 150.5625pt>
File: ../assets//disklayout.png Graphic file (type png)
<use ../assets//disklayout.png>
Package pdftex.def Info: ../assets//disklayout.png  used on input line 130.
(pdftex.def)             Requested size: 351.31378pt x 70.26353pt.
 [10 <../assets//filesystems.png> <../assets//disklayout.png>] [11])
[12] (Titlepage.aux (The CPU.aux))

LaTeX Warning: There were undefined references.


LaTeX Warning: Label(s) may have changed. Rerun to get cross-references right.

 ) 
Here is how much of TeX's memory you used:
 4430 strings out of 479163
 66130 string characters out of 2851136
 394697 words of memory out of 3000000
 22002 multiletter control sequences out of 15000+600000
 408366 words of font info for 43 fonts, out of 8000000 for 9000
 1141 hyphenation exceptions out of 8191
 55i,14n,62p,366b,1240s stack positions out of 5000i,500n,10000p,200000b,80000s
 <C:\Users\ElPeruano69\AppData\Local\MiKTeX\fonts/pk/ljfour/jknappen/ec/dpi60
0\tcrm1000.pk><C:/Users/ElPeruano69/AppData/Local/Programs/MiKTeX/fonts/type1/p
ublic/amsfonts/cm/cmbx10.pfb><C:/Users/ElPeruano69/AppData/Local/Programs/MiKTe
X/fonts/type1/public/amsfonts/cm/cmbx12.pfb><C:/Users/ElPeruano69/AppData/Local
/Programs/MiKTeX/fonts/type1/public/amsfonts/cm/cmmi10.pfb><C:/Users/ElPeruano6
9/AppData/Local/Programs/MiKTeX/fonts/type1/public/amsfonts/cm/cmr10.pfb><C:/Us
ers/ElPeruano69/AppData/Local/Programs/MiKTeX/fonts/type1/public/amsfonts/cm/cm
r12.pfb><C:/Users/ElPeruano69/AppData/Local/Programs/MiKTeX/fonts/type1/public/
amsfonts/cm/cmr17.pfb><C:/Users/ElPeruano69/AppData/Local/Programs/MiKTeX/fonts
/type1/public/amsfonts/cm/cmsy10.pfb><C:/Users/ElPeruano69/AppData/Local/Progra
ms/MiKTeX/fonts/type1/public/amsfonts/cm/cmti10.pfb>
Output written on Titlepage.pdf (14 pages, 239024 bytes).
PDF statistics:
 92 PDF objects out of 1000 (max. 8388607)
 0 named destinations out of 1000 (max. 500000)
 16 words of extra memory for PDF output out of 10000 (max. 10000000)

